0 info it worked if it ends with ok
1 verbose cli [ 'C:\\Program Files\\nodejs\\node.exe',
1 verbose cli   'C:\\Users\\MAQUINAS VIRTUALES\\AppData\\Roaming\\npm\\node_modules\\npm\\bin\\npm-cli.js',
1 verbose cli   'run',
1 verbose cli   'dev' ]
2 info using npm@3.8.0
3 info using node@v4.4.0
4 verbose run-script [ 'predev', 'dev', 'postdev' ]
5 info lifecycle whatapop@1.0.0~predev: whatapop@1.0.0
6 silly lifecycle whatapop@1.0.0~predev: no script for predev, continuing
7 info lifecycle whatapop@1.0.0~dev: whatapop@1.0.0
8 verbose lifecycle whatapop@1.0.0~dev: unsafe-perm in lifecycle true
9 verbose lifecycle whatapop@1.0.0~dev: PATH: C:\Users\MAQUINAS VIRTUALES\AppData\Roaming\npm\node_modules\npm\bin\node-gyp-bin;C:\Users\Practicas1_2016\Documents\whatapop\node_modules\.bin;C:\Program Files\nodejs;C:\ProgramData\Oracle\Java\javapath;C:\WINDOWS\system32;C:\WINDOWS;C:\WINDOWS\System32\Wbem;C:\WINDOWS\System32\WindowsPowerShell\v1.0\;C:\Program Files\nodejs\;C:\Program Files\Git\cmd;C:\Program Files\Microsoft SQL Server\110\Tools\Binn\;C:\Program Files (x86)\Microsoft SQL Server\110\Tools\Binn\ManagementStudio\;C:\Program Files (x86)\Microsoft SQL Server\110\Tools\Binn\;C:\Program Files (x86)\Microsoft SQL Server\110\DTS\Binn\;C:\Program Files\Microsoft SQL Server\110\DTS\Binn\;C:\Program Files (x86)\Windows Kits\8.1\Windows Performance Toolkit\;C:\Program Files (x86)\Android\android-sdk;C:\Program Files\Java\jdk1.8.0_77\bin;C:\Ruby22-x64\bin;C:\Users\MAQUINAS VIRTUALES\AppData\Roaming\npm;C:\Users\MAQUINAS VIRTUALES\AppData\Local\atom\bin;C:\Program Files (x86)\Microsoft VS Code\bin
10 verbose lifecycle whatapop@1.0.0~dev: CWD: C:\Users\Practicas1_2016\Documents\whatapop
11 silly lifecycle whatapop@1.0.0~dev: Args: [ '/d /s /c',
11 silly lifecycle   'concurrently \'npm run sparrest\' \'npm run lite\'' ]
12 silly lifecycle whatapop@1.0.0~dev: Returned: code: 1  signal: null
13 info lifecycle whatapop@1.0.0~dev: Failed to exec dev script
14 verbose stack Error: whatapop@1.0.0 dev: `concurrently 'npm run sparrest' 'npm run lite'`
14 verbose stack Exit status 1
14 verbose stack     at EventEmitter.<anonymous> (C:\Users\MAQUINAS VIRTUALES\AppData\Roaming\npm\node_modules\npm\lib\utils\lifecycle.js:239:16)
14 verbose stack     at emitTwo (events.js:87:13)
14 verbose stack     at EventEmitter.emit (events.js:172:7)
14 verbose stack     at ChildProcess.<anonymous> (C:\Users\MAQUINAS VIRTUALES\AppData\Roaming\npm\node_modules\npm\lib\utils\spawn.js:24:14)
14 verbose stack     at emitTwo (events.js:87:13)
14 verbose stack     at ChildProcess.emit (events.js:172:7)
14 verbose stack     at maybeClose (internal/child_process.js:827:16)
14 verbose stack     at Process.ChildProcess._handle.onexit (internal/child_process.js:211:5)
15 verbose pkgid whatapop@1.0.0
16 verbose cwd C:\Users\Practicas1_2016\Documents\whatapop
17 error Windows_NT 10.0.10586
18 error argv "C:\\Program Files\\nodejs\\node.exe" "C:\\Users\\MAQUINAS VIRTUALES\\AppData\\Roaming\\npm\\node_modules\\npm\\bin\\npm-cli.js" "run" "dev"
19 error node v4.4.0
20 error npm  v3.8.0
21 error code ELIFECYCLE
22 error whatapop@1.0.0 dev: `concurrently 'npm run sparrest' 'npm run lite'`
22 error Exit status 1
23 error Failed at the whatapop@1.0.0 dev script 'concurrently 'npm run sparrest' 'npm run lite''.
23 error Make sure you have the latest version of node.js and npm installed.
23 error If you do, this is most likely a problem with the whatapop package,
23 error not with npm itself.
23 error Tell the author that this fails on your system:
23 error     concurrently 'npm run sparrest' 'npm run lite'
23 error You can get information on how to open an issue for this project with:
23 error     npm bugs whatapop
23 error Or if that isn't available, you can get their info via:
23 error     npm owner ls whatapop
23 error There is likely additional logging output above.
24 verbose exit [ 1, true ]
